<?xml version="1.0" encoding="UTF-8"?>
<testsuite xmlns:xsi="http://www.w3.org/2001/XMLSchema-instance" xsi:noNamespaceSchemaLocation="https://maven.apache.org/surefire/maven-surefire-plugin/xsd/surefire-test-report-3.0.xsd" version="3.0" name="org.spring.trainer.controller.UserControllerTest" time="1.326" tests="7" errors="0" skipped="0" failures="0">
  <properties>
[...]
</properties>
  <testcase name="testFindUserByUsername" classname="org.spring.trainer.controller.UserControllerTest" time="1.256"/>
  <testcase name="testAddUser" classname="org.spring.trainer.controller.UserControllerTest" time="0.01"/>
  <testcase name="testLoginSuccess" classname="org.spring.trainer.controller.UserControllerTest" time="0.003"/>
  <testcase name="testGetAllUsers" classname="org.spring.trainer.controller.UserControllerTest" time="0.002"/>
  <testcase name="testUpdateUser" classname="org.spring.trainer.controller.UserControllerTest" time="0.001"/>
  <testcase name="testLoginFailure" classname="org.spring.trainer.controller.UserControllerTest" time="0.018">
    <system-out><![CDATA[08:06:18.481 [main] WARN org.spring.trainer.controller.UserController -- Invalid credentials for username: testuser
]]></system-out>
  </testcase>
  <testcase name="testDeleteUserById" classname="org.spring.trainer.controller.UserControllerTest" time="0.002"/>
</testsuite>